<?xml version="1.0" encoding="UTF-8"?>
<testng-results skipped="0" failed="0" ignored="0" total="1" passed="1">
  <reporter-output>
  </reporter-output>
  <suite name="Default suite" duration-ms="7776" started-at="2017-09-06T02:04:30Z" finished-at="2017-09-06T02:04:38Z">
    <groups>
    </groups>
    <test name="Default test" duration-ms="7776" started-at="2017-09-06T02:04:30Z" finished-at="2017-09-06T02:04:38Z">
      <class name="celfar.NewTest2">
        <test-method status="PASS" signature="beforeClass()[pri:0, instance:celfar.NewTest2@3e6fa38a]" name="beforeClass" is-config="true" duration-ms="2493" started-at="2017-09-05T23:04:30Z" finished-at="2017-09-05T23:04:33Z">
          <reporter-output>
          </reporter-output>
        </test-method> <!-- beforeClass -->
        <test-method status="PASS" signature="f()[pri:0, instance:celfar.NewTest2@3e6fa38a]" name="f" duration-ms="3177" started-at="2017-09-05T23:04:33Z" finished-at="2017-09-05T23:04:36Z">
          <reporter-output>
          </reporter-output>
        </test-method> <!-- f -->
        <test-method status="PASS" signature="afterClass()[pri:0, instance:celfar.NewTest2@3e6fa38a]" name="afterClass" is-config="true" duration-ms="2092" started-at="2017-09-05T23:04:36Z" finished-at="2017-09-05T23:04:38Z">
          <reporter-output>
          </reporter-output>
        </test-method> <!-- afterClass -->
      </class> <!-- celfar.NewTest2 -->
    </test> <!-- Default test -->
  </suite> <!-- Default suite -->
</testng-results>
